  stdafx.cpp
  CCamera.cpp
  CGameManager.cpp
  CEnemy.cpp
game\Enemy\CEnemy.cpp(109): warning C4018: '<': signed/unsigned mismatch
  CFood.cpp
  CGround.cpp
  CMapBuilder.cpp
  CWall.cpp
  CPlayer.cpp
  main.cpp
  Test.cpp
  TestBoxRender.cpp
  TestCreateRenderTarget.cpp
  TestPrimitiveRender.cpp
  TestSphereRender.cpp
tkEngine.lib(tkVector.obj) : error LNK2038: mismatch detected for 'RuntimeLibrary': value 'MT_StaticRelease' doesn't match value 'MD_DynamicRelease' in CCamera.obj
tkEngine.lib(tkCamera.obj) : error LNK2038: mismatch detected for 'RuntimeLibrary': value 'MT_StaticRelease' doesn't match value 'MD_DynamicRelease' in CCamera.obj
tkEngine.lib(tkMath.obj) : error LNK2038: mismatch detected for 'RuntimeLibrary': value 'MT_StaticRelease' doesn't match value 'MD_DynamicRelease' in CCamera.obj
tkEngine.lib(tkSphereShape.obj) : error LNK2038: mismatch detected for 'RuntimeLibrary': value 'MT_StaticRelease' doesn't match value 'MD_DynamicRelease' in CCamera.obj
tkEngine.lib(tkIDMap.obj) : error LNK2038: mismatch detected for 'RuntimeLibrary': value 'MT_StaticRelease' doesn't match value 'MD_DynamicRelease' in CCamera.obj
tkEngine.lib(tkShadowMap.obj) : error LNK2038: mismatch detected for 'RuntimeLibrary': value 'MT_StaticRelease' doesn't match value 'MD_DynamicRelease' in CCamera.obj
tkEngine.lib(tkParticleResources.obj) : error LNK2038: mismatch detected for 'RuntimeLibrary': value 'MT_StaticRelease' doesn't match value 'MD_DynamicRelease' in CCamera.obj
tkEngine.lib(tkKeyInput.obj) : error LNK2038: mismatch detected for 'RuntimeLibrary': value 'MT_StaticRelease' doesn't match value 'MD_DynamicRelease' in CCamera.obj
tkEngine.lib(tkPostEffect.obj) : error LNK2038: mismatch detected for 'RuntimeLibrary': value 'MT_StaticRelease' doesn't match value 'MD_DynamicRelease' in CCamera.obj
tkEngine.lib(tkPreRender.obj) : error LNK2038: mismatch detected for 'RuntimeLibrary': value 'MT_StaticRelease' doesn't match value 'MD_DynamicRelease' in CCamera.obj
tkEngine.lib(tkRenderTarget.obj) : error LNK2038: mismatch detected for 'RuntimeLibrary': value 'MT_StaticRelease' doesn't match value 'MD_DynamicRelease' in CCamera.obj
tkEngine.lib(tkPrimitive.obj) : error LNK2038: mismatch detected for 'RuntimeLibrary': value 'MT_StaticRelease' doesn't match value 'MD_DynamicRelease' in CCamera.obj
tkEngine.lib(tkEffectManager.obj) : error LNK2038: mismatch detected for 'RuntimeLibrary': value 'MT_StaticRelease' doesn't match value 'MD_DynamicRelease' in CCamera.obj
tkEngine.lib(tkRenderCommandBuffer.obj) : error LNK2038: mismatch detected for 'RuntimeLibrary': value 'MT_StaticRelease' doesn't match value 'MD_DynamicRelease' in CCamera.obj
tkEngine.lib(tkPathFinding.obj) : error LNK2038: mismatch detected for 'RuntimeLibrary': value 'MT_StaticRelease' doesn't match value 'MD_DynamicRelease' in CCamera.obj
tkEngine.lib(tkShapeBase.obj) : error LNK2038: mismatch detected for 'RuntimeLibrary': value 'MT_StaticRelease' doesn't match value 'MD_DynamicRelease' in CCamera.obj
tkEngine.lib(tkBoxShape.obj) : error LNK2038: mismatch detected for 'RuntimeLibrary': value 'MT_StaticRelease' doesn't match value 'MD_DynamicRelease' in CCamera.obj
tkEngine.lib(tkEngine.obj) : error LNK2038: mismatch detected for 'RuntimeLibrary': value 'MT_StaticRelease' doesn't match value 'MD_DynamicRelease' in CCamera.obj
tkEngine.lib(tkEnginePreCompile.obj) : error LNK2038: mismatch detected for 'RuntimeLibrary': value 'MT_StaticRelease' doesn't match value 'MD_DynamicRelease' in CCamera.obj
tkEngine.lib(tkMatrix.obj) : error LNK2038: mismatch detected for 'RuntimeLibrary': value 'MT_StaticRelease' doesn't match value 'MD_DynamicRelease' in CCamera.obj
tkEngine.lib(tkEdgeRender.obj) : error LNK2038: mismatch detected for 'RuntimeLibrary': value 'MT_StaticRelease' doesn't match value 'MD_DynamicRelease' in CCamera.obj
tkEngine.lib(tkBloomRender.obj) : error LNK2038: mismatch detected for 'RuntimeLibrary': value 'MT_StaticRelease' doesn't match value 'MD_DynamicRelease' in CCamera.obj
tkEngine.lib(tkVertexBuffer.obj) : error LNK2038: mismatch detected for 'RuntimeLibrary': value 'MT_StaticRelease' doesn't match value 'MD_DynamicRelease' in CCamera.obj
tkEngine.lib(tkIndexBuffer.obj) : error LNK2038: mismatch detected for 'RuntimeLibrary': value 'MT_StaticRelease' doesn't match value 'MD_DynamicRelease' in CCamera.obj
tkEngine.lib(tkEffect.obj) : error LNK2038: mismatch detected for 'RuntimeLibrary': value 'MT_StaticRelease' doesn't match value 'MD_DynamicRelease' in CCamera.obj
tkEngine.lib(tkSkinModel.obj) : error LNK2038: mismatch detected for 'RuntimeLibrary': value 'MT_StaticRelease' doesn't match value 'MD_DynamicRelease' in CCamera.obj
tkEngine.lib(tkgameobjectmanager.obj) : error LNK2038: mismatch detected for 'RuntimeLibrary': value 'MT_StaticRelease' doesn't match value 'MD_DynamicRelease' in CCamera.obj
tkEngine.lib(tkRenderContext.obj) : error LNK2038: mismatch detected for 'RuntimeLibrary': value 'MT_StaticRelease' doesn't match value 'MD_DynamicRelease' in CCamera.obj
tkEngine.lib(tkSkinModelData.obj) : error LNK2038: mismatch detected for 'RuntimeLibrary': value 'MT_StaticRelease' doesn't match value 'MD_DynamicRelease' in CCamera.obj
tkEngine.lib(tkAnimation.obj) : error LNK2038: mismatch detected for 'RuntimeLibrary': value 'MT_StaticRelease' doesn't match value 'MD_DynamicRelease' in CCamera.obj
LINK : warning LNK4098: defaultlib 'LIBCMT' conflicts with use of other libs; use /NODEFAULTLIB:library
C:\GitHub\GamePG_1\Lesson_10\Packman\Release\Packman.exe : fatal error LNK1319: 30 mismatches detected
