c:\github\gamepg_1\babanuki\game\game\x64\release\game.pch
c:\github\gamepg_1\babanuki\game\game\x64\release\vc140.pdb
c:\github\gamepg_1\babanuki\game\game\x64\release\stdafx.obj
c:\github\gamepg_1\babanuki\game\game\x64\release\fade.obj
c:\github\gamepg_1\babanuki\game\game\x64\release\titlescene.obj
c:\github\gamepg_1\babanuki\game\game\x64\release\gamescene.obj
c:\github\gamepg_1\babanuki\game\game\x64\release\player.obj
c:\github\gamepg_1\babanuki\game\game\x64\release\main.obj
c:\github\gamepg_1\babanuki\game\game\x64\release\icardselect.obj
c:\github\gamepg_1\babanuki\game\game\x64\release\carddeck.obj
c:\github\gamepg_1\babanuki\game\game\x64\release\card.obj
c:\github\gamepg_1\babanuki\game\game\x64\release\cardselectperfomance.obj
c:\github\gamepg_1\sounddemo\game\game\x64\release\game.pch
c:\github\gamepg_1\sounddemo\game\game\x64\release\vc140.pdb
c:\github\gamepg_1\sounddemo\game\game\x64\release\stdafx.obj
c:\github\gamepg_1\sounddemo\game\game\x64\release\fade.obj
c:\github\gamepg_1\sounddemo\game\game\x64\release\titlescene.obj
c:\github\gamepg_1\sounddemo\game\game\x64\release\gamescene.obj
c:\github\gamepg_1\sounddemo\game\game\x64\release\player.obj
c:\github\gamepg_1\sounddemo\game\game\x64\release\main.obj
c:\github\gamepg_1\sounddemo\game\game\x64\release\icardselect.obj
c:\github\gamepg_1\sounddemo\game\game\x64\release\carddeck.obj
c:\github\gamepg_1\sounddemo\game\game\x64\release\card.obj
c:\github\gamepg_1\sounddemo\game\game\x64\release\cardselectperfomance.obj
c:\github\gamepg_1\babanuki\game\x64\release\game.exe
c:\github\gamepg_1\babanuki\game\x64\release\game.pdb
c:\github\gamepg_1\sounddemo\game\x64\release\game.exe
c:\github\gamepg_1\sounddemo\game\x64\release\game.pdb
c:\github\gamepg_1\sounddemo\game\game\x64\release\game.tlog\cl.command.1.tlog
c:\github\gamepg_1\sounddemo\game\game\x64\release\game.tlog\cl.read.1.tlog
c:\github\gamepg_1\sounddemo\game\game\x64\release\game.tlog\cl.write.1.tlog
c:\github\gamepg_1\sounddemo\game\game\x64\release\game.tlog\link.command.1.tlog
c:\github\gamepg_1\sounddemo\game\game\x64\release\game.tlog\link.read.1.tlog
c:\github\gamepg_1\sounddemo\game\game\x64\release\game.tlog\link.write.1.tlog
