c:\github\gamepg_1\babanuki\tkengine\bulletphysics\src\bulletcollision\x64\debug\bulletcollision.pdb
c:\github\gamepg_1\babanuki\tkengine\bulletphysics\src\bulletcollision\x64\debug\btcompoundcompoundcollisionalgorithm.obj
c:\github\gamepg_1\babanuki\tkengine\bulletphysics\src\bulletcollision\x64\debug\btcompoundcollisionalgorithm.obj
c:\github\gamepg_1\babanuki\tkengine\bulletphysics\src\bulletcollision\x64\debug\btcollisionworldimporter.obj
c:\github\gamepg_1\babanuki\tkengine\bulletphysics\src\bulletcollision\x64\debug\btcollisionworld.obj
c:\github\gamepg_1\babanuki\tkengine\bulletphysics\src\bulletcollision\x64\debug\btcollisionobject.obj
c:\github\gamepg_1\babanuki\tkengine\bulletphysics\src\bulletcollision\x64\debug\btcollisiondispatcher.obj
c:\github\gamepg_1\babanuki\tkengine\bulletphysics\src\bulletcollision\x64\debug\btboxboxdetector.obj
c:\github\gamepg_1\babanuki\tkengine\bulletphysics\src\bulletcollision\x64\debug\btboxboxcollisionalgorithm.obj
c:\github\gamepg_1\babanuki\tkengine\bulletphysics\src\bulletcollision\x64\debug\btbox2dbox2dcollisionalgorithm.obj
c:\github\gamepg_1\babanuki\tkengine\bulletphysics\src\bulletcollision\x64\debug\btactivatingcollisionalgorithm.obj
c:\github\gamepg_1\babanuki\tkengine\bulletphysics\src\bulletcollision\x64\debug\btsimplebroadphase.obj
c:\github\gamepg_1\babanuki\tkengine\bulletphysics\src\bulletcollision\x64\debug\btquantizedbvh.obj
c:\github\gamepg_1\babanuki\tkengine\bulletphysics\src\bulletcollision\x64\debug\btoverlappingpaircache.obj
c:\github\gamepg_1\babanuki\tkengine\bulletphysics\src\bulletcollision\x64\debug\btmultisapbroadphase.obj
c:\github\gamepg_1\babanuki\tkengine\bulletphysics\src\bulletcollision\x64\debug\btdispatcher.obj
c:\github\gamepg_1\babanuki\tkengine\bulletphysics\src\bulletcollision\x64\debug\btdbvtbroadphase.obj
c:\github\gamepg_1\babanuki\tkengine\bulletphysics\src\bulletcollision\x64\debug\btdbvt.obj
c:\github\gamepg_1\babanuki\tkengine\bulletphysics\src\bulletcollision\x64\debug\btcollisionalgorithm.obj
c:\github\gamepg_1\babanuki\tkengine\bulletphysics\src\bulletcollision\x64\debug\btbroadphaseproxy.obj
c:\github\gamepg_1\babanuki\tkengine\bulletphysics\src\bulletcollision\x64\debug\btaxissweep3.obj
c:\github\gamepg_1\babanuki\tkengine\bulletphysics\src\bulletcollision\x64\debug\btcapsuleshape.obj
c:\github\gamepg_1\babanuki\tkengine\bulletphysics\src\bulletcollision\x64\debug\btbvhtrianglemeshshape.obj
c:\github\gamepg_1\babanuki\tkengine\bulletphysics\src\bulletcollision\x64\debug\btboxshape.obj
c:\github\gamepg_1\babanuki\tkengine\bulletphysics\src\bulletcollision\x64\debug\btbox2dshape.obj
c:\github\gamepg_1\babanuki\tkengine\bulletphysics\src\bulletcollision\x64\debug\spheretriangledetector.obj
c:\github\gamepg_1\babanuki\tkengine\bulletphysics\src\bulletcollision\x64\debug\btunionfind.obj
c:\github\gamepg_1\babanuki\tkengine\bulletphysics\src\bulletcollision\x64\debug\btspheretrianglecollisionalgorithm.obj
c:\github\gamepg_1\babanuki\tkengine\bulletphysics\src\bulletcollision\x64\debug\btspherespherecollisionalgorithm.obj
c:\github\gamepg_1\babanuki\tkengine\bulletphysics\src\bulletcollision\x64\debug\btsphereboxcollisionalgorithm.obj
c:\github\gamepg_1\babanuki\tkengine\bulletphysics\src\bulletcollision\x64\debug\btsimulationislandmanager.obj
c:\github\gamepg_1\babanuki\tkengine\bulletphysics\src\bulletcollision\x64\debug\btmanifoldresult.obj
c:\github\gamepg_1\babanuki\tkengine\bulletphysics\src\bulletcollision\x64\debug\btinternaledgeutility.obj
c:\github\gamepg_1\babanuki\tkengine\bulletphysics\src\bulletcollision\x64\debug\bthashedsimplepaircache.obj
c:\github\gamepg_1\babanuki\tkengine\bulletphysics\src\bulletcollision\x64\debug\btghostobject.obj
c:\github\gamepg_1\babanuki\tkengine\bulletphysics\src\bulletcollision\x64\debug\btemptycollisionalgorithm.obj
c:\github\gamepg_1\babanuki\tkengine\bulletphysics\src\bulletcollision\x64\debug\btdefaultcollisionconfiguration.obj
c:\github\gamepg_1\babanuki\tkengine\bulletphysics\src\bulletcollision\x64\debug\btconvexplanecollisionalgorithm.obj
c:\github\gamepg_1\babanuki\tkengine\bulletphysics\src\bulletcollision\x64\debug\btconvexconvexalgorithm.obj
c:\github\gamepg_1\babanuki\tkengine\bulletphysics\src\bulletcollision\x64\debug\btconvexconcavecollisionalgorithm.obj
c:\github\gamepg_1\babanuki\tkengine\bulletphysics\src\bulletcollision\x64\debug\btconvex2dconvex2dalgorithm.obj
c:\github\gamepg_1\babanuki\tkengine\bulletphysics\src\bulletcollision\x64\debug\btscaledbvhtrianglemeshshape.obj
c:\github\gamepg_1\babanuki\tkengine\bulletphysics\src\bulletcollision\x64\debug\btpolyhedralconvexshape.obj
c:\github\gamepg_1\babanuki\tkengine\bulletphysics\src\bulletcollision\x64\debug\btoptimizedbvh.obj
c:\github\gamepg_1\babanuki\tkengine\bulletphysics\src\bulletcollision\x64\debug\btmultisphereshape.obj
c:\github\gamepg_1\babanuki\tkengine\bulletphysics\src\bulletcollision\x64\debug\btmultimaterialtrianglemeshshape.obj
c:\github\gamepg_1\babanuki\tkengine\bulletphysics\src\bulletcollision\x64\debug\btminkowskisumshape.obj
c:\github\gamepg_1\babanuki\tkengine\bulletphysics\src\bulletcollision\x64\debug\btheightfieldterrainshape.obj
c:\github\gamepg_1\babanuki\tkengine\bulletphysics\src\bulletcollision\x64\debug\btemptyshape.obj
c:\github\gamepg_1\babanuki\tkengine\bulletphysics\src\bulletcollision\x64\debug\btcylindershape.obj
c:\github\gamepg_1\babanuki\tkengine\bulletphysics\src\bulletcollision\x64\debug\btconvextrianglemeshshape.obj
c:\github\gamepg_1\babanuki\tkengine\bulletphysics\src\bulletcollision\x64\debug\btconvexshape.obj
c:\github\gamepg_1\babanuki\tkengine\bulletphysics\src\bulletcollision\x64\debug\btconvexpolyhedron.obj
c:\github\gamepg_1\babanuki\tkengine\bulletphysics\src\bulletcollision\x64\debug\btconvexpointcloudshape.obj
c:\github\gamepg_1\babanuki\tkengine\bulletphysics\src\bulletcollision\x64\debug\btconvexinternalshape.obj
c:\github\gamepg_1\babanuki\tkengine\bulletphysics\src\bulletcollision\x64\debug\btconvexhullshape.obj
c:\github\gamepg_1\babanuki\tkengine\bulletphysics\src\bulletcollision\x64\debug\btconvex2dshape.obj
c:\github\gamepg_1\babanuki\tkengine\bulletphysics\src\bulletcollision\x64\debug\btconeshape.obj
c:\github\gamepg_1\babanuki\tkengine\bulletphysics\src\bulletcollision\x64\debug\btconcaveshape.obj
c:\github\gamepg_1\babanuki\tkengine\bulletphysics\src\bulletcollision\x64\debug\btcompoundshape.obj
c:\github\gamepg_1\babanuki\tkengine\bulletphysics\src\bulletcollision\x64\debug\btcollisionshape.obj
c:\github\gamepg_1\babanuki\tkengine\bulletphysics\src\bulletcollision\x64\debug\gim_box_set.obj
c:\github\gamepg_1\babanuki\tkengine\bulletphysics\src\bulletcollision\x64\debug\bttriangleshapeex.obj
c:\github\gamepg_1\babanuki\tkengine\bulletphysics\src\bulletcollision\x64\debug\btgimpactshape.obj
c:\github\gamepg_1\babanuki\tkengine\bulletphysics\src\bulletcollision\x64\debug\btgimpactquantizedbvh.obj
c:\github\gamepg_1\babanuki\tkengine\bulletphysics\src\bulletcollision\x64\debug\btgimpactcollisionalgorithm.obj
c:\github\gamepg_1\babanuki\tkengine\bulletphysics\src\bulletcollision\x64\debug\btgimpactbvh.obj
c:\github\gamepg_1\babanuki\tkengine\bulletphysics\src\bulletcollision\x64\debug\btgenericpoolallocator.obj
c:\github\gamepg_1\babanuki\tkengine\bulletphysics\src\bulletcollision\x64\debug\btcontactprocessing.obj
c:\github\gamepg_1\babanuki\tkengine\bulletphysics\src\bulletcollision\x64\debug\btuniformscalingshape.obj
c:\github\gamepg_1\babanuki\tkengine\bulletphysics\src\bulletcollision\x64\debug\bttrianglemeshshape.obj
c:\github\gamepg_1\babanuki\tkengine\bulletphysics\src\bulletcollision\x64\debug\bttrianglemesh.obj
c:\github\gamepg_1\babanuki\tkengine\bulletphysics\src\bulletcollision\x64\debug\bttriangleindexvertexmaterialarray.obj
c:\github\gamepg_1\babanuki\tkengine\bulletphysics\src\bulletcollision\x64\debug\bttriangleindexvertexarray.obj
c:\github\gamepg_1\babanuki\tkengine\bulletphysics\src\bulletcollision\x64\debug\bttrianglecallback.obj
c:\github\gamepg_1\babanuki\tkengine\bulletphysics\src\bulletcollision\x64\debug\bttrianglebuffer.obj
c:\github\gamepg_1\babanuki\tkengine\bulletphysics\src\bulletcollision\x64\debug\bttetrahedronshape.obj
c:\github\gamepg_1\babanuki\tkengine\bulletphysics\src\bulletcollision\x64\debug\btstridingmeshinterface.obj
c:\github\gamepg_1\babanuki\tkengine\bulletphysics\src\bulletcollision\x64\debug\btstaticplaneshape.obj
c:\github\gamepg_1\babanuki\tkengine\bulletphysics\src\bulletcollision\x64\debug\btsphereshape.obj
c:\github\gamepg_1\babanuki\tkengine\bulletphysics\src\bulletcollision\x64\debug\btshapehull.obj
c:\github\gamepg_1\babanuki\tkengine\bulletphysics\src\bulletcollision\x64\debug\btvoronoisimplexsolver.obj
c:\github\gamepg_1\babanuki\tkengine\bulletphysics\src\bulletcollision\x64\debug\btsubsimplexconvexcast.obj
c:\github\gamepg_1\babanuki\tkengine\bulletphysics\src\bulletcollision\x64\debug\btraycastcallback.obj
c:\github\gamepg_1\babanuki\tkengine\bulletphysics\src\bulletcollision\x64\debug\btpolyhedralcontactclipping.obj
c:\github\gamepg_1\babanuki\tkengine\bulletphysics\src\bulletcollision\x64\debug\btpersistentmanifold.obj
c:\github\gamepg_1\babanuki\tkengine\bulletphysics\src\bulletcollision\x64\debug\btminkowskipenetrationdepthsolver.obj
c:\github\gamepg_1\babanuki\tkengine\bulletphysics\src\bulletcollision\x64\debug\btgjkpairdetector.obj
c:\github\gamepg_1\babanuki\tkengine\bulletphysics\src\bulletcollision\x64\debug\btgjkepapenetrationdepthsolver.obj
c:\github\gamepg_1\babanuki\tkengine\bulletphysics\src\bulletcollision\x64\debug\btgjkepa2.obj
c:\github\gamepg_1\babanuki\tkengine\bulletphysics\src\bulletcollision\x64\debug\btgjkconvexcast.obj
c:\github\gamepg_1\babanuki\tkengine\bulletphysics\src\bulletcollision\x64\debug\btconvexcast.obj
c:\github\gamepg_1\babanuki\tkengine\bulletphysics\src\bulletcollision\x64\debug\btcontinuousconvexcollision.obj
c:\github\gamepg_1\babanuki\tkengine\bulletphysics\src\bulletcollision\x64\debug\gim_tri_collision.obj
c:\github\gamepg_1\babanuki\tkengine\bulletphysics\src\bulletcollision\x64\debug\gim_memory.obj
c:\github\gamepg_1\babanuki\tkengine\bulletphysics\src\bulletcollision\x64\debug\gim_contact.obj
c:\github\gamepg_1\babanuki\game\x64\debug\bulletcollision_debug.lib
c:\github\gamepg_1\babanuki\tkengine\bulletphysics\src\bulletcollision\x64\debug\bulletcollision.tlog\cl.command.1.tlog
c:\github\gamepg_1\babanuki\tkengine\bulletphysics\src\bulletcollision\x64\debug\bulletcollision.tlog\cl.read.1.tlog
c:\github\gamepg_1\babanuki\tkengine\bulletphysics\src\bulletcollision\x64\debug\bulletcollision.tlog\cl.write.1.tlog
c:\github\gamepg_1\babanuki\tkengine\bulletphysics\src\bulletcollision\x64\debug\bulletcollision.tlog\lib-link.read.1.tlog
c:\github\gamepg_1\babanuki\tkengine\bulletphysics\src\bulletcollision\x64\debug\bulletcollision.tlog\lib-link.write.1.tlog
c:\github\gamepg_1\babanuki\tkengine\bulletphysics\src\bulletcollision\x64\debug\bulletcollision.tlog\lib.command.1.tlog
