c:\github\gamepg_1\babanuki\game\game\x64\debug\game.pch
c:\github\gamepg_1\babanuki\game\game\x64\debug\vc140.pdb
c:\github\gamepg_1\babanuki\game\game\x64\debug\vc140.idb
c:\github\gamepg_1\babanuki\game\game\x64\debug\stdafx.obj
c:\github\gamepg_1\babanuki\game\game\x64\debug\card.obj
c:\github\gamepg_1\babanuki\game\game\x64\debug\carddeck.obj
c:\github\gamepg_1\babanuki\game\game\x64\debug\main.obj
c:\github\gamepg_1\babanuki\game\game\x64\debug\gamescene.obj
c:\github\gamepg_1\babanuki\game\game\x64\debug\titlescene.obj
c:\github\gamepg_1\babanuki\game\game\x64\debug\fade.obj
c:\github\gamepg_1\babanuki\game\game\x64\debug\player.obj
c:\github\gamepg_1\babanuki\game\game\x64\debug\icardselect.obj
c:\github\gamepg_1\babanuki\game\x64\debug\game.ilk
c:\github\gamepg_1\babanuki\game\x64\debug\game.exe
c:\github\gamepg_1\babanuki\game\x64\debug\game.pdb
c:\github\gamepg_1\babanuki\game\game\x64\debug\game.tlog\cl.command.1.tlog
c:\github\gamepg_1\babanuki\game\game\x64\debug\game.tlog\cl.read.1.tlog
c:\github\gamepg_1\babanuki\game\game\x64\debug\game.tlog\cl.write.1.tlog
c:\github\gamepg_1\babanuki\game\game\x64\debug\game.tlog\link.command.1.tlog
c:\github\gamepg_1\babanuki\game\game\x64\debug\game.tlog\link.read.1.tlog
c:\github\gamepg_1\babanuki\game\game\x64\debug\game.tlog\link.write.1.tlog
