c:\github\gamepg_1\babanuki\tkengine\x64\release\tkengine.pch
c:\github\gamepg_1\babanuki\tkengine\x64\release\tkengine.pdb
c:\github\gamepg_1\babanuki\tkengine\x64\release\tkengineprecompile.obj
c:\github\gamepg_1\babanuki\tkengine\x64\release\tkshadowmap.obj
c:\github\gamepg_1\babanuki\tkengine\x64\release\tkshadowcaster.obj
c:\github\gamepg_1\babanuki\tkengine\x64\release\tkreflectionmap.obj
c:\github\gamepg_1\babanuki\tkengine\x64\release\tkprerender.obj
c:\github\gamepg_1\babanuki\tkengine\x64\release\tkidmap.obj
c:\github\gamepg_1\babanuki\tkengine\x64\release\tksepiafilter.obj
c:\github\gamepg_1\babanuki\tkengine\x64\release\tkposteffect.obj
c:\github\gamepg_1\babanuki\tkengine\x64\release\tkmotionblur.obj
c:\github\gamepg_1\babanuki\tkengine\x64\release\tkmonochromefilter.obj
c:\github\gamepg_1\babanuki\tkengine\x64\release\tkfxaa.obj
c:\github\gamepg_1\babanuki\tkengine\x64\release\tkedgerender.obj
c:\github\gamepg_1\babanuki\tkengine\x64\release\tkdof.obj
c:\github\gamepg_1\babanuki\tkengine\x64\release\tkbloomrender.obj
c:\github\gamepg_1\babanuki\tkengine\x64\release\tkgameobjectmanager.obj
c:\github\gamepg_1\babanuki\tkengine\x64\release\tkgameobject.obj
c:\github\gamepg_1\babanuki\tkengine\x64\release\tkobjectfrustumculling.obj
c:\github\gamepg_1\babanuki\tkengine\x64\release\tkcharactercontroller.obj
c:\github\gamepg_1\babanuki\tkengine\x64\release\tkspringcamera.obj
c:\github\gamepg_1\babanuki\tkengine\x64\release\tkcameracollisionsolver.obj
c:\github\gamepg_1\babanuki\tkengine\x64\release\tkpathfinding.obj
c:\github\gamepg_1\babanuki\tkengine\x64\release\tkpad.obj
c:\github\gamepg_1\babanuki\tkengine\x64\release\tkkeyinput.obj
c:\github\gamepg_1\babanuki\tkengine\x64\release\tkvertexbuffer.obj
c:\github\gamepg_1\babanuki\tkengine\x64\release\tktexture.obj
c:\github\gamepg_1\babanuki\tkengine\x64\release\tkskinmodelmaterial.obj
c:\github\gamepg_1\babanuki\tkengine\x64\release\tkskinmodeldata.obj
c:\github\gamepg_1\babanuki\tkengine\x64\release\tkskinmodel.obj
c:\github\gamepg_1\babanuki\tkengine\x64\release\tkrendertarget.obj
c:\github\gamepg_1\babanuki\tkengine\x64\release\tkrendercontext.obj
c:\github\gamepg_1\babanuki\tkengine\x64\release\tkrendercommandbuffer.obj
c:\github\gamepg_1\babanuki\tkengine\x64\release\tkprimitive.obj
c:\github\gamepg_1\babanuki\tkengine\x64\release\tkindexbuffer.obj
c:\github\gamepg_1\babanuki\tkengine\x64\release\tkgaussianblur.obj
c:\github\gamepg_1\babanuki\tkengine\x64\release\tkfont.obj
c:\github\gamepg_1\babanuki\tkengine\x64\release\tkeffectmanager.obj
c:\github\gamepg_1\babanuki\tkengine\x64\release\tkeffect.obj
c:\github\gamepg_1\babanuki\tkengine\x64\release\tkcamera.obj
c:\github\gamepg_1\babanuki\tkengine\x64\release\tkblur.obj
c:\github\gamepg_1\babanuki\tkengine\x64\release\tkanimation.obj
c:\github\gamepg_1\babanuki\tkengine\x64\release\tksprite.obj
c:\github\gamepg_1\babanuki\tkengine\x64\release\tksphereshape.obj
c:\github\gamepg_1\babanuki\tkengine\x64\release\tkshapebase.obj
c:\github\gamepg_1\babanuki\tkengine\x64\release\tkboxshape.obj
c:\github\gamepg_1\babanuki\tkengine\x64\release\tktextureresources.obj
c:\github\gamepg_1\babanuki\tkengine\x64\release\tkskinmodeldataresources.obj
c:\github\gamepg_1\babanuki\tkengine\x64\release\tkskinmodeldatahandle.obj
c:\github\gamepg_1\babanuki\tkengine\x64\release\tkrandom.obj
c:\github\gamepg_1\babanuki\tkengine\x64\release\tkspherecollider.obj
c:\github\gamepg_1\babanuki\tkengine\x64\release\tkrigidbody.obj
c:\github\gamepg_1\babanuki\tkengine\x64\release\tkphysics.obj
c:\github\gamepg_1\babanuki\tkengine\x64\release\tkmeshcollider.obj
c:\github\gamepg_1\babanuki\tkengine\x64\release\tkcapsulecollider.obj
c:\github\gamepg_1\babanuki\tkengine\x64\release\tkboxcollider.obj
c:\github\gamepg_1\babanuki\tkengine\x64\release\tkparticleresources.obj
c:\github\gamepg_1\babanuki\tkengine\x64\release\tkparticleemitter.obj
c:\github\gamepg_1\babanuki\tkengine\x64\release\tkparticle.obj
c:\github\gamepg_1\babanuki\tkengine\x64\release\tkvector.obj
c:\github\gamepg_1\babanuki\tkengine\x64\release\tkmatrix.obj
c:\github\gamepg_1\babanuki\tkengine\x64\release\tkmath.obj
c:\github\gamepg_1\babanuki\tkengine\x64\release\tkaabb.obj
c:\github\gamepg_1\babanuki\tkengine\x64\release\tkengine.obj
c:\github\gamepg_1\babanuki\tkengine\x64\release\tkwavefilebank.obj
c:\github\gamepg_1\babanuki\tkengine\x64\release\tkwavefile.obj
c:\github\gamepg_1\babanuki\tkengine\x64\release\tksoundsource.obj
c:\github\gamepg_1\babanuki\tkengine\x64\release\tksoundengine.obj
c:\github\gamepg_1\sounddemo\tkengine\x64\release\tkengine.pch
c:\github\gamepg_1\sounddemo\tkengine\x64\release\tkengine.pdb
c:\github\gamepg_1\sounddemo\tkengine\x64\release\tkengineprecompile.obj
c:\github\gamepg_1\sounddemo\tkengine\x64\release\tkshadowmap.obj
c:\github\gamepg_1\sounddemo\tkengine\x64\release\tkshadowcaster.obj
c:\github\gamepg_1\sounddemo\tkengine\x64\release\tkreflectionmap.obj
c:\github\gamepg_1\sounddemo\tkengine\x64\release\tkprerender.obj
c:\github\gamepg_1\sounddemo\tkengine\x64\release\tkidmap.obj
c:\github\gamepg_1\sounddemo\tkengine\x64\release\tksepiafilter.obj
c:\github\gamepg_1\sounddemo\tkengine\x64\release\tkposteffect.obj
c:\github\gamepg_1\sounddemo\tkengine\x64\release\tkmotionblur.obj
c:\github\gamepg_1\sounddemo\tkengine\x64\release\tkmonochromefilter.obj
c:\github\gamepg_1\sounddemo\tkengine\x64\release\tkfxaa.obj
c:\github\gamepg_1\sounddemo\tkengine\x64\release\tkedgerender.obj
c:\github\gamepg_1\sounddemo\tkengine\x64\release\tkdof.obj
c:\github\gamepg_1\sounddemo\tkengine\x64\release\tkbloomrender.obj
c:\github\gamepg_1\sounddemo\tkengine\x64\release\tkgameobjectmanager.obj
c:\github\gamepg_1\sounddemo\tkengine\x64\release\tkgameobject.obj
c:\github\gamepg_1\sounddemo\tkengine\x64\release\tkobjectfrustumculling.obj
c:\github\gamepg_1\sounddemo\tkengine\x64\release\tkcharactercontroller.obj
c:\github\gamepg_1\sounddemo\tkengine\x64\release\tkspringcamera.obj
c:\github\gamepg_1\sounddemo\tkengine\x64\release\tkcameracollisionsolver.obj
c:\github\gamepg_1\sounddemo\tkengine\x64\release\tkpathfinding.obj
c:\github\gamepg_1\sounddemo\tkengine\x64\release\tkpad.obj
c:\github\gamepg_1\sounddemo\tkengine\x64\release\tkkeyinput.obj
c:\github\gamepg_1\sounddemo\tkengine\x64\release\tkvertexbuffer.obj
c:\github\gamepg_1\sounddemo\tkengine\x64\release\tktexture.obj
c:\github\gamepg_1\sounddemo\tkengine\x64\release\tkskinmodelmaterial.obj
c:\github\gamepg_1\sounddemo\tkengine\x64\release\tkskinmodeldata.obj
c:\github\gamepg_1\sounddemo\tkengine\x64\release\tkskinmodel.obj
c:\github\gamepg_1\sounddemo\tkengine\x64\release\tkrendertarget.obj
c:\github\gamepg_1\sounddemo\tkengine\x64\release\tkrendercontext.obj
c:\github\gamepg_1\sounddemo\tkengine\x64\release\tkrendercommandbuffer.obj
c:\github\gamepg_1\sounddemo\tkengine\x64\release\tkprimitive.obj
c:\github\gamepg_1\sounddemo\tkengine\x64\release\tkindexbuffer.obj
c:\github\gamepg_1\sounddemo\tkengine\x64\release\tkgaussianblur.obj
c:\github\gamepg_1\sounddemo\tkengine\x64\release\tkfont.obj
c:\github\gamepg_1\sounddemo\tkengine\x64\release\tkeffectmanager.obj
c:\github\gamepg_1\sounddemo\tkengine\x64\release\tkeffect.obj
c:\github\gamepg_1\sounddemo\tkengine\x64\release\tkcamera.obj
c:\github\gamepg_1\sounddemo\tkengine\x64\release\tkblur.obj
c:\github\gamepg_1\sounddemo\tkengine\x64\release\tkanimation.obj
c:\github\gamepg_1\sounddemo\tkengine\x64\release\tksprite.obj
c:\github\gamepg_1\sounddemo\tkengine\x64\release\tksphereshape.obj
c:\github\gamepg_1\sounddemo\tkengine\x64\release\tkshapebase.obj
c:\github\gamepg_1\sounddemo\tkengine\x64\release\tkboxshape.obj
c:\github\gamepg_1\sounddemo\tkengine\x64\release\tktextureresources.obj
c:\github\gamepg_1\sounddemo\tkengine\x64\release\tkskinmodeldataresources.obj
c:\github\gamepg_1\sounddemo\tkengine\x64\release\tkskinmodeldatahandle.obj
c:\github\gamepg_1\sounddemo\tkengine\x64\release\tkrandom.obj
c:\github\gamepg_1\sounddemo\tkengine\x64\release\tkspherecollider.obj
c:\github\gamepg_1\sounddemo\tkengine\x64\release\tkrigidbody.obj
c:\github\gamepg_1\sounddemo\tkengine\x64\release\tkphysics.obj
c:\github\gamepg_1\sounddemo\tkengine\x64\release\tkmeshcollider.obj
c:\github\gamepg_1\sounddemo\tkengine\x64\release\tkcapsulecollider.obj
c:\github\gamepg_1\sounddemo\tkengine\x64\release\tkboxcollider.obj
c:\github\gamepg_1\sounddemo\tkengine\x64\release\tkparticleresources.obj
c:\github\gamepg_1\sounddemo\tkengine\x64\release\tkparticleemitter.obj
c:\github\gamepg_1\sounddemo\tkengine\x64\release\tkparticle.obj
c:\github\gamepg_1\sounddemo\tkengine\x64\release\tkvector.obj
c:\github\gamepg_1\sounddemo\tkengine\x64\release\tkmatrix.obj
c:\github\gamepg_1\sounddemo\tkengine\x64\release\tkmath.obj
c:\github\gamepg_1\sounddemo\tkengine\x64\release\tkaabb.obj
c:\github\gamepg_1\sounddemo\tkengine\x64\release\tkengine.obj
c:\github\gamepg_1\sounddemo\tkengine\x64\release\tkwavefilebank.obj
c:\github\gamepg_1\sounddemo\tkengine\x64\release\tkwavefile.obj
c:\github\gamepg_1\sounddemo\tkengine\x64\release\tksoundsource.obj
c:\github\gamepg_1\sounddemo\tkengine\x64\release\tksoundengine.obj
c:\github\gamepg_1\babanuki\game\x64\release\tkengine.lib
c:\github\gamepg_1\sounddemo\game\x64\release\tkengine.lib
c:\github\gamepg_1\sounddemo\tkengine\x64\release\tkengine.tlog\cl.command.1.tlog
c:\github\gamepg_1\sounddemo\tkengine\x64\release\tkengine.tlog\cl.read.1.tlog
c:\github\gamepg_1\sounddemo\tkengine\x64\release\tkengine.tlog\cl.write.1.tlog
c:\github\gamepg_1\sounddemo\tkengine\x64\release\tkengine.tlog\lib-link.read.1.tlog
c:\github\gamepg_1\sounddemo\tkengine\x64\release\tkengine.tlog\lib-link.write.1.tlog
c:\github\gamepg_1\sounddemo\tkengine\x64\release\tkengine.tlog\lib.command.1.tlog
