c:\github\gamepg_1\babanuki\tkengine\x64\debug\tkengine.pch
c:\github\gamepg_1\babanuki\tkengine\x64\debug\tkengine.pdb
c:\github\gamepg_1\babanuki\tkengine\x64\debug\tkengine.idb
c:\github\gamepg_1\babanuki\tkengine\x64\debug\tkengineprecompile.obj
c:\github\gamepg_1\babanuki\tkengine\x64\debug\tkengine.obj
c:\github\gamepg_1\babanuki\tkengine\x64\debug\tkparticle.obj
c:\github\gamepg_1\babanuki\tkengine\x64\debug\tkparticleemitter.obj
c:\github\gamepg_1\babanuki\tkengine\x64\debug\tkparticleresources.obj
c:\github\gamepg_1\babanuki\tkengine\x64\debug\tkboxcollider.obj
c:\github\gamepg_1\babanuki\tkengine\x64\debug\tkcapsulecollider.obj
c:\github\gamepg_1\babanuki\tkengine\x64\debug\tkmeshcollider.obj
c:\github\gamepg_1\babanuki\tkengine\x64\debug\tkphysics.obj
c:\github\gamepg_1\babanuki\tkengine\x64\debug\tkrigidbody.obj
c:\github\gamepg_1\babanuki\tkengine\x64\debug\tkspherecollider.obj
c:\github\gamepg_1\babanuki\tkengine\x64\debug\tkrandom.obj
c:\github\gamepg_1\babanuki\tkengine\x64\debug\tkskinmodeldatahandle.obj
c:\github\gamepg_1\babanuki\tkengine\x64\debug\tkskinmodeldataresources.obj
c:\github\gamepg_1\babanuki\tkengine\x64\debug\tktextureresources.obj
c:\github\gamepg_1\babanuki\tkengine\x64\debug\tkboxshape.obj
c:\github\gamepg_1\babanuki\tkengine\x64\debug\tkshapebase.obj
c:\github\gamepg_1\babanuki\tkengine\x64\debug\tksphereshape.obj
c:\github\gamepg_1\babanuki\tkengine\x64\debug\tksoundengine.obj
c:\github\gamepg_1\babanuki\tkengine\x64\debug\tksoundsource.obj
c:\github\gamepg_1\babanuki\tkengine\x64\debug\tkwavefile.obj
c:\github\gamepg_1\babanuki\tkengine\x64\debug\tkwavefilebank.obj
c:\github\gamepg_1\babanuki\tkengine\x64\debug\tkeffect.obj
c:\github\gamepg_1\babanuki\tkengine\x64\debug\tkeffectmanager.obj
c:\github\gamepg_1\babanuki\tkengine\x64\debug\tkfont.obj
c:\github\gamepg_1\babanuki\tkengine\x64\debug\tkgaussianblur.obj
c:\github\gamepg_1\babanuki\tkengine\x64\debug\tkindexbuffer.obj
c:\github\gamepg_1\babanuki\tkengine\x64\debug\tkprimitive.obj
c:\github\gamepg_1\babanuki\tkengine\x64\debug\tkrendercommandbuffer.obj
c:\github\gamepg_1\babanuki\tkengine\x64\debug\tkrendercontext.obj
c:\github\gamepg_1\babanuki\tkengine\x64\debug\tkrendertarget.obj
c:\github\gamepg_1\babanuki\tkengine\x64\debug\tkskinmodel.obj
c:\github\gamepg_1\babanuki\tkengine\x64\debug\tkskinmodeldata.obj
c:\github\gamepg_1\babanuki\tkengine\x64\debug\tkskinmodelmaterial.obj
c:\github\gamepg_1\babanuki\tkengine\x64\debug\tktexture.obj
c:\github\gamepg_1\babanuki\tkengine\x64\debug\tkvertexbuffer.obj
c:\github\gamepg_1\babanuki\tkengine\x64\debug\tkkeyinput.obj
c:\github\gamepg_1\babanuki\tkengine\x64\debug\tkpad.obj
c:\github\gamepg_1\babanuki\tkengine\x64\debug\tkaabb.obj
c:\github\gamepg_1\babanuki\tkengine\x64\debug\tkmath.obj
c:\github\gamepg_1\babanuki\tkengine\x64\debug\tkmatrix.obj
c:\github\gamepg_1\babanuki\tkengine\x64\debug\tkvector.obj
c:\github\gamepg_1\babanuki\tkengine\x64\debug\tkobjectfrustumculling.obj
c:\github\gamepg_1\babanuki\tkengine\x64\debug\tkgameobject.obj
c:\github\gamepg_1\babanuki\tkengine\x64\debug\tkgameobjectmanager.obj
c:\github\gamepg_1\babanuki\tkengine\x64\debug\tkbloomrender.obj
c:\github\gamepg_1\babanuki\tkengine\x64\debug\tkdof.obj
c:\github\gamepg_1\babanuki\tkengine\x64\debug\tkedgerender.obj
c:\github\gamepg_1\babanuki\tkengine\x64\debug\tkfxaa.obj
c:\github\gamepg_1\babanuki\tkengine\x64\debug\tkmonochromefilter.obj
c:\github\gamepg_1\babanuki\tkengine\x64\debug\tkmotionblur.obj
c:\github\gamepg_1\babanuki\tkengine\x64\debug\tkposteffect.obj
c:\github\gamepg_1\babanuki\tkengine\x64\debug\tksepiafilter.obj
c:\github\gamepg_1\babanuki\tkengine\x64\debug\tkidmap.obj
c:\github\gamepg_1\babanuki\tkengine\x64\debug\tkprerender.obj
c:\github\gamepg_1\babanuki\tkengine\x64\debug\tkreflectionmap.obj
c:\github\gamepg_1\babanuki\tkengine\x64\debug\tkshadowcaster.obj
c:\github\gamepg_1\babanuki\tkengine\x64\debug\tkshadowmap.obj
c:\github\gamepg_1\babanuki\tkengine\x64\debug\tksprite.obj
c:\github\gamepg_1\babanuki\tkengine\x64\debug\tkanimation.obj
c:\github\gamepg_1\babanuki\tkengine\x64\debug\tkblur.obj
c:\github\gamepg_1\babanuki\tkengine\x64\debug\tkcamera.obj
c:\github\gamepg_1\babanuki\tkengine\x64\debug\tkpathfinding.obj
c:\github\gamepg_1\babanuki\tkengine\x64\debug\tkcameracollisionsolver.obj
c:\github\gamepg_1\babanuki\tkengine\x64\debug\tkspringcamera.obj
c:\github\gamepg_1\babanuki\tkengine\x64\debug\tkcharactercontroller.obj
c:\github\gamepg_1\babanuki\game\x64\debug\tkengine.lib
c:\github\gamepg_1\babanuki\game\x64\debug\tkengine.pdb
c:\github\gamepg_1\babanuki\tkengine\x64\debug\tkengine.tlog\cl.command.1.tlog
c:\github\gamepg_1\babanuki\tkengine\x64\debug\tkengine.tlog\cl.read.1.tlog
c:\github\gamepg_1\babanuki\tkengine\x64\debug\tkengine.tlog\cl.write.1.tlog
c:\github\gamepg_1\babanuki\tkengine\x64\debug\tkengine.tlog\lib-link.read.1.tlog
c:\github\gamepg_1\babanuki\tkengine\x64\debug\tkengine.tlog\lib-link.write.1.tlog
c:\github\gamepg_1\babanuki\tkengine\x64\debug\tkengine.tlog\lib.command.1.tlog
